<?xml version="1.0" encoding="UTF-8"?>
<testsuite name="inditex.runner.ProductPriceControllerTest" tests="11" skipped="0" failures="0" errors="0" timestamp="2024-10-02T03:04:10" hostname="Mac-Studio-de-Silvio.local" time="0.473">
  <properties/>
  <testcase name="Se debe crear un producto en la DB y retornar el id" classname="inditex.runner.ProductPriceControllerTest" time="0.388"/>
  <testcase name="[1] startDate=2020-06-14T10:00:00, productId=1, brandId=1" classname="inditex.runner.ProductPriceControllerTest" time="0.046"/>
  <testcase name="[2] startDate=2020-06-14T16:00:00, productId=1, brandId=1" classname="inditex.runner.ProductPriceControllerTest" time="0.004"/>
  <testcase name="[3] startDate=2020-06-14T21:00:00, productId=1, brandId=1" classname="inditex.runner.ProductPriceControllerTest" time="0.003"/>
  <testcase name="[4] startDate=2020-06-15T10:00:00, productId=1, brandId=1" classname="inditex.runner.ProductPriceControllerTest" time="0.003"/>
  <testcase name="[5] startDate=2020-06-16T21:00:00, productId=1, brandId=1" classname="inditex.runner.ProductPriceControllerTest" time="0.003"/>
  <testcase name="[1] startDate=2020-06-14T10:00:00, productId=35455, brandId=1, expectedValue=1" classname="inditex.runner.ProductPriceControllerTest" time="0.005"/>
  <testcase name="[2] startDate=2020-06-14T16:00:00, productId=35455, brandId=1, expectedValue=1" classname="inditex.runner.ProductPriceControllerTest" time="0.003"/>
  <testcase name="[3] startDate=2020-06-14T21:00:00, productId=35455, brandId=1, expectedValue=1" classname="inditex.runner.ProductPriceControllerTest" time="0.003"/>
  <testcase name="[4] startDate=2020-06-15T10:00:00, productId=35455, brandId=1, expectedValue=3" classname="inditex.runner.ProductPriceControllerTest" time="0.002"/>
  <testcase name="[5] startDate=2020-06-16T21:00:00, productId=35455, brandId=1, expectedValue=4" classname="inditex.runner.ProductPriceControllerTest" time="0.003"/>
  <system-out><![CDATA[22:04:08.436 [Test worker] INFO org.springframework.test.context.support.AnnotationConfigContextLoaderUtils -- Could not detect default configuration classes for test class [inditex.runner.ProductPriceControllerTest]: ProductPriceControllerTest does not declare any static, non-private, non-final, nested classes annotated with @Configuration.
22:04:08.477 [Test worker] INFO org.springframework.boot.test.context.SpringBootTestContextBootstrapper -- Found @SpringBootConfiguration inditex.runner.InditexApiApplication for test class inditex.runner.ProductPriceControllerTest

  .   ____          _            __ _ _
 /\\ / ___'_ __ _ _(_)_ __  __ _ \ \ \ \
( ( )\___ | '_ | '_| | '_ \/ _` | \ \ \ \
 \\/  ___)| |_)| | | | | || (_| |  ) ) ) )
  '  |____| .__|_| |_|_| |_\__, | / / / /
 =========|_|==============|___/=/_/_/_/

 :: Spring Boot ::                (v3.3.4)

2024-10-01T22:04:08.638-05:00  INFO 25019 --- [API-demo] [    Test worker] i.runner.ProductPriceControllerTest      : Starting ProductPriceControllerTest using Java 21.0.4 with PID 25019 (started by silvioesterillaelles in /Users/silvioesterillaelles/Documents/personal/inditex/boot-run)
2024-10-01T22:04:08.638-05:00  INFO 25019 --- [API-demo] [    Test worker] i.runner.ProductPriceControllerTest      : The following 1 profile is active: "test"
2024-10-01T22:04:08.847-05:00  INFO 25019 --- [API-demo] [    Test worker] .s.d.r.c.RepositoryConfigurationDelegate : Bootstrapping Spring Data JPA repositories in DEFAULT mode.
2024-10-01T22:04:08.861-05:00  INFO 25019 --- [API-demo] [    Test worker] .s.d.r.c.RepositoryConfigurationDelegate : Finished Spring Data repository scanning in 10 ms. Found 1 JPA repository interface.
2024-10-01T22:04:09.094-05:00  INFO 25019 --- [API-demo] [    Test worker] com.zaxxer.hikari.HikariDataSource       : HikariPool-1 - Starting...
2024-10-01T22:04:09.200-05:00  INFO 25019 --- [API-demo] [    Test worker] com.zaxxer.hikari.pool.HikariPool        : HikariPool-1 - Added connection conn0: url=jdbc:h2:~/test user=SA
2024-10-01T22:04:09.201-05:00  INFO 25019 --- [API-demo] [    Test worker] com.zaxxer.hikari.HikariDataSource       : HikariPool-1 - Start completed.
2024-10-01T22:04:09.240-05:00  INFO 25019 --- [API-demo] [    Test worker] o.hibernate.jpa.internal.util.LogHelper  : HHH000204: Processing PersistenceUnitInfo [name: default]
2024-10-01T22:04:09.265-05:00  INFO 25019 --- [API-demo] [    Test worker] org.hibernate.Version                    : HHH000412: Hibernate ORM core version 6.5.3.Final
2024-10-01T22:04:09.280-05:00  INFO 25019 --- [API-demo] [    Test worker] o.h.c.internal.RegionFactoryInitiator    : HHH000026: Second-level cache disabled
2024-10-01T22:04:09.404-05:00  INFO 25019 --- [API-demo] [    Test worker] o.s.o.j.p.SpringPersistenceUnitInfo      : No LoadTimeWeaver setup: ignoring JPA class transformer
2024-10-01T22:04:09.425-05:00  WARN 25019 --- [API-demo] [    Test worker] org.hibernate.orm.deprecation            : HHH90000025: H2Dialect does not need to be specified explicitly using 'hibernate.dialect' (remove the property setting and it will be selected by default)
2024-10-01T22:04:09.739-05:00  INFO 25019 --- [API-demo] [    Test worker] o.h.e.t.j.p.i.JtaPlatformInitiator       : HHH000489: No JTA platform available (set 'hibernate.transaction.jta.platform' to enable JTA platform integration)
2024-10-01T22:04:09.751-05:00  INFO 25019 --- [API-demo] [    Test worker] j.LocalContainerEntityManagerFactoryBean : Initialized JPA EntityManagerFactory for persistence unit 'default'
2024-10-01T22:04:09.848-05:00  INFO 25019 --- [API-demo] [    Test worker] o.s.d.j.r.query.QueryEnhancerFactory     : Hibernate is in classpath; If applicable, HQL parser will be used.
2024-10-01T22:04:09.953-05:00  WARN 25019 --- [API-demo] [    Test worker] JpaBaseConfiguration$JpaWebConfiguration : spring.jpa.open-in-view is enabled by default. Therefore, database queries may be performed during view rendering. Explicitly configure spring.jpa.open-in-view to disable this warning
2024-10-01T22:04:10.101-05:00  INFO 25019 --- [API-demo] [    Test worker] o.s.b.a.h2.H2ConsoleAutoConfiguration    : H2 console available at '/h2-console'. Database available at 'jdbc:h2:~/test'
2024-10-01T22:04:10.120-05:00  INFO 25019 --- [API-demo] [    Test worker] o.s.b.t.m.w.SpringBootMockServletContext : Initializing Spring TestDispatcherServlet ''
2024-10-01T22:04:10.120-05:00  INFO 25019 --- [API-demo] [    Test worker] o.s.t.web.servlet.TestDispatcherServlet  : Initializing Servlet ''
2024-10-01T22:04:10.121-05:00  INFO 25019 --- [API-demo] [    Test worker] o.s.t.web.servlet.TestDispatcherServlet  : Completed initialization in 1 ms
2024-10-01T22:04:10.136-05:00  INFO 25019 --- [API-demo] [    Test worker] i.runner.ProductPriceControllerTest      : Started ProductPriceControllerTest in 1.607 seconds (process running for 2.063)
2024-10-01T22:04:10.582-05:00 ERROR 25019 --- [API-demo] [    Test worker] i.i.r.exception.InditexControllerAdvice  : Error ID: 2dbe0cff-292d-4860-a7c7-f51730bfcfbf, Status Already Assigned Exception: No se encontró producto con parametros fecha: 2020-06-14T10:00, productId 1, brandId 1
2024-10-01T22:04:10.589-05:00 ERROR 25019 --- [API-demo] [    Test worker] i.i.r.exception.InditexControllerAdvice  : Error ID: 2fd7dcac-a92f-418c-9324-143214223418, Status Already Assigned Exception: No se encontró producto con parametros fecha: 2020-06-14T16:00, productId 1, brandId 1
2024-10-01T22:04:10.593-05:00 ERROR 25019 --- [API-demo] [    Test worker] i.i.r.exception.InditexControllerAdvice  : Error ID: 5579af84-d41a-4a6c-a23a-f969e3e57c18, Status Already Assigned Exception: No se encontró producto con parametros fecha: 2020-06-14T21:00, productId 1, brandId 1
2024-10-01T22:04:10.596-05:00 ERROR 25019 --- [API-demo] [    Test worker] i.i.r.exception.InditexControllerAdvice  : Error ID: 06a86ba4-eee5-49cf-8bbf-d3179f802b90, Status Already Assigned Exception: No se encontró producto con parametros fecha: 2020-06-15T10:00, productId 1, brandId 1
2024-10-01T22:04:10.599-05:00 ERROR 25019 --- [API-demo] [    Test worker] i.i.r.exception.InditexControllerAdvice  : Error ID: eb2f1487-47ee-48e7-88ff-6e89113880b5, Status Already Assigned Exception: No se encontró producto con parametros fecha: 2020-06-16T21:00, productId 1, brandId 1
]]></system-out>
  <system-err><![CDATA[WARNING: A Java agent has been loaded dynamically (/Users/silvioesterillaelles/.gradle/caches/modules-2/files-2.1/net.bytebuddy/byte-buddy-agent/1.14.19/154da3a65b4f4a909d3e5bdec55d1b2b4cbb6ce1/byte-buddy-agent-1.14.19.jar)
WARNING: If a serviceability tool is in use, please run with -XX:+EnableDynamicAgentLoading to hide this warning
WARNING: If a serviceability tool is not in use, please run with -Djdk.instrument.traceUsage for more information
WARNING: Dynamic loading of agents will be disallowed by default in a future release
]]></system-err>
</testsuite>
